2026-04-17 15:01:54,995 - __main__ - INFO - Application starting...
2026-04-17 15:01:54,996 - __main__ - INFO - Running as PyInstaller EXE. BASE_DIR: C:\Users\USER\Desktop\Goat Farm\dist\app\_internal
2026-04-17 15:01:54,997 - __main__ - INFO - STATIC_DIR: C:\Users\USER\Desktop\Goat Farm\dist\app\_internal\static
2026-04-17 15:01:54,998 - __main__ - INFO - STATIC_DIR exists: True
2026-04-17 15:01:54,998 - __main__ - INFO - FRONTEND_DIR: C:\Users\USER\Desktop\Goat Farm\dist\app\_internal\static\frontend
2026-04-17 15:01:54,999 - __main__ - INFO - FRONTEND_DIR exists: True
2026-04-17 15:01:54,999 - __main__ - INFO - FRONTEND_INDEX: C:\Users\USER\Desktop\Goat Farm\dist\app\_internal\static\frontend\index.html
2026-04-17 15:01:55,000 - __main__ - INFO - FRONTEND_INDEX exists: True
2026-04-17 15:01:55,003 - __main__ - INFO - Files in C:\Users\USER\Desktop\Goat Farm\dist\app\_internal\static\frontend: ['assets', 'favicon.svg', 'icons.svg', 'index.html']
2026-04-17 15:01:55,006 - __main__ - INFO - Flask app initialized. Upload folder: C:\Users\USER\Desktop\Goat Farm\dist\app\_internal\static\uploads
2026-04-17 15:01:55,026 - __main__ - INFO - Database initialized
2026-04-17 15:01:55,060 - __main__ - INFO - All blueprints registered
2026-04-17 15:01:55,067 - __main__ - INFO - ================================================================================
2026-04-17 15:01:55,068 - __main__ - INFO - STARTING GOAT FARM APPLICATION
2026-04-17 15:01:55,068 - __main__ - INFO - ================================================================================
2026-04-17 15:01:55,069 - __main__ - INFO - Running in: PyInstaller EXE mode
2026-04-17 15:01:55,070 - __main__ - INFO - Base directory: C:\Users\USER\Desktop\Goat Farm\dist\app\_internal
2026-04-17 15:01:55,070 - __main__ - INFO - Frontend directory: C:\Users\USER\Desktop\Goat Farm\dist\app\_internal\static\frontend
2026-04-17 15:01:55,070 - __main__ - INFO - Server: http://127.0.0.1:5000
2026-04-17 15:01:55,071 - __main__ - INFO - ================================================================================
2026-04-17 15:01:56,275 - __main__ - INFO - Opening browser at http://localhost:5000
2026-04-17 15:01:56,815 - __main__ - DEBUG - Serving React app for path: /root
2026-04-17 15:01:56,930 - __main__ - DEBUG - Serving asset: index-BUcoV2qK.css
2026-04-17 15:01:57,084 - __main__ - DEBUG - Serving asset: index-N3kcXZSq.js
